<?xml version="1.0" encoding="UTF-8"?>
<!-- Generated by org.testng.reporters.JUnitReportReporter -->
<testsuite hostname="DESKTOP-EKTU0VS" failures="0" tests="6" name="PracticePg.CrossBrowsing" time="115.540" errors="0" timestamp="2024-02-12T12:11:15 IST" skipped="0">
  <testcase classname="PracticePg.CrossBrowsing" name="login" time="20.039"/>
  <testcase classname="PracticePg.CrossBrowsing" name="Cross" time="12.824"/>
  <testcase classname="PracticePg.CrossBrowsing" name="Cross" time="32.018"/>
  <testcase classname="PracticePg.CrossBrowsing" name="login" time="24.971"/>
  <testcase classname="PracticePg.CrossBrowsing" name="login" time="12.574"/>
  <testcase classname="PracticePg.CrossBrowsing" name="Cross" time="13.114"/>
</testsuite> <!-- PracticePg.CrossBrowsing -->
