<?xml version="1.0" encoding="UTF-8"?>
<!-- Generated by org.testng.reporters.JUnitReportReporter -->
<testsuite hostname="DESKTOP-EKTU0VS" failures="0" tests="6" name="TestNG.HelperMethods" time="75.672" errors="0" timestamp="2024-01-29T13:33:36 IST" skipped="0">
  <testcase classname="TestNG.HelperMethods" name="audi" time="21.587"/>
  <testcase classname="TestNG.HelperMethods" name="redbus" time="15.724"/>
  <testcase classname="TestNG.HelperMethods" name="redbus" time="15.258"/>
  <testcase classname="TestNG.HelperMethods" name="royalEnfield" time="10.483"/>
  <testcase classname="TestNG.HelperMethods" name="bike" time="6.960"/>
  <testcase classname="TestNG.HelperMethods" name="ktm" time="5.660"/>
</testsuite> <!-- TestNG.HelperMethods -->
