<?xml version="1.0" encoding="UTF-8"?>
<!-- Generated by org.testng.reporters.JUnitReportReporter -->
<testsuite hostname="DESKTOP-EKTU0VS" failures="0" tests="1" name="ShoePackage.DSW" time="13.879" errors="0" timestamp="2024-01-26T13:28:10 IST" skipped="0">
  <testcase classname="ShoePackage.DSW" name="dsw" time="13.879">
    <system-out>
      <![CDATA[you are in DSW page]]>
    </system-out>
  </testcase> <!-- dsw -->
  <system-out>
    <![CDATA[you are in DSW page]]>
  </system-out>
</testsuite> <!-- ShoePackage.DSW -->
