<?xml version="1.0" encoding="UTF-8"?>
<!-- Generated by org.testng.reporters.JUnitReportReporter -->
<testsuite hostname="DESKTOP-EKTU0VS" failures="0" tests="6" name="HelperMethodsPracticing" time="60.047" errors="0" timestamp="2024-02-08T11:28:13 IST" skipped="0">
  <testcase classname="HelperMethodsPracticing" name="redbus" time="19.503"/>
  <testcase classname="HelperMethodsPracticing" name="royalEnfield" time="7.446"/>
  <testcase classname="HelperMethodsPracticing" name="audi" time="8.592"/>
  <testcase classname="HelperMethodsPracticing" name="audi" time="9.108"/>
  <testcase classname="HelperMethodsPracticing" name="ktm" time="8.365"/>
  <testcase classname="HelperMethodsPracticing" name="bike" time="7.033"/>
</testsuite> <!-- HelperMethodsPracticing -->
