<?xml version="1.0" encoding="UTF-8"?>
<!-- Generated by org.testng.reporters.JUnitReportReporter -->
<testsuite hostname="DESKTOP-EKTU0VS" failures="0" tests="1" name="TestNG.FetchingTheDataFromExternal" time="58.926" errors="0" timestamp="2024-01-30T12:30:13 IST" skipped="0">
  <testcase classname="TestNG.FetchingTheDataFromExternal" name="loginDWS" time="58.926"/>
</testsuite> <!-- TestNG.FetchingTheDataFromExternal -->
