<?xml version="1.0" encoding="UTF-8"?>
<!-- Generated by org.testng.reporters.JUnitReportReporter -->
<testsuite hostname="DESKTOP-EKTU0VS" failures="0" tests="1" name="AssignmentPOM.ExecuteRegister" time="45.613" errors="0" timestamp="2024-02-01T20:03:50 IST" skipped="0">
  <testcase classname="AssignmentPOM.ExecuteRegister" name="receiver" time="45.613"/>
</testsuite> <!-- AssignmentPOM.ExecuteRegister -->
