<?xml version="1.0" encoding="UTF-8"?>
<!-- Generated by org.testng.reporters.JUnitReportReporter -->
<testsuite hostname="DESKTOP-EKTU0VS" failures="0" tests="1" name="POM.ExecuteDWSHomePage" time="45.911" errors="0" timestamp="2024-02-01T11:49:07 IST" skipped="0">
  <testcase classname="POM.ExecuteDWSHomePage" name="receiver" time="45.911"/>
</testsuite> <!-- POM.ExecuteDWSHomePage -->
