<?xml version="1.0" encoding="UTF-8"?>
<!-- Generated by org.testng.reporters.JUnitReportReporter -->
<testsuite hostname="DESKTOP-EKTU0VS" failures="0" tests="1" name="PracticePg.MoxkDp" time="28.827" errors="0" timestamp="2024-02-11T19:42:50 IST" skipped="0">
  <testcase classname="PracticePg.MoxkDp" name="receiver" time="28.827"/>
</testsuite> <!-- PracticePg.MoxkDp -->
