<?xml version="1.0" encoding="UTF-8"?>
<!-- Generated by org.testng.reporters.JUnitReportReporter -->
<testsuite hostname="DESKTOP-EKTU0VS" failures="0" tests="2" name="TestNG.DataProviderExampleSenderReceiver" time="34.116" errors="0" timestamp="2024-01-29T13:02:24 IST" skipped="0">
  <testcase classname="TestNG.DataProviderExampleSenderReceiver" name="receiver" time="13.560"/>
  <testcase classname="TestNG.DataProviderExampleSenderReceiver" name="receiver" time="20.556"/>
</testsuite> <!-- TestNG.DataProviderExampleSenderReceiver -->
