<?xml version="1.0" encoding="UTF-8"?>
<!-- Generated by org.testng.reporters.JUnitReportReporter -->
<testsuite hostname="DESKTOP-EKTU0VS" failures="0" tests="2" name="TestNG.DataProviderWithExcel" time="39.001" errors="0" timestamp="2024-01-30T18:40:49 IST" skipped="0">
  <testcase classname="TestNG.DataProviderWithExcel" name="receiver" time="29.676"/>
  <testcase classname="TestNG.DataProviderWithExcel" name="receiver" time="9.325"/>
</testsuite> <!-- TestNG.DataProviderWithExcel -->
