<?xml version="1.0" encoding="UTF-8"?>
<!-- Generated by org.testng.reporters.JUnitReportReporter -->
<testsuite hostname="DESKTOP-EKTU0VS" failures="0" tests="1" name="BikePackage.KTM" time="7.411" errors="0" timestamp="2024-02-08T11:59:03 IST" skipped="0">
  <testcase classname="BikePackage.KTM" name="kTM" time="7.411">
    <system-out>
      <![CDATA[you are in ktm page]]>
    </system-out>
  </testcase> <!-- kTM -->
  <system-out>
    <![CDATA[you are in tvsmotor page
you are in ktm page
you are in bikewale page]]>
  </system-out>
</testsuite> <!-- BikePackage.KTM -->
