<?xml version="1.0" encoding="UTF-8"?>
<!-- Generated by org.testng.reporters.JUnitReportReporter -->
<testsuite hostname="DESKTOP-EKTU0VS" failures="0" tests="1" name="BikePackage.Apache" time="26.270" errors="0" timestamp="2024-02-08T11:59:03 IST" skipped="0">
  <testcase classname="BikePackage.Apache" name="apache" time="26.270">
    <system-out>
      <![CDATA[you are in tvsmotor page]]>
    </system-out>
  </testcase> <!-- apache -->
  <system-out>
    <![CDATA[you are in tvsmotor page
you are in ktm page
you are in bikewale page]]>
  </system-out>
</testsuite> <!-- BikePackage.Apache -->
