<?xml version="1.0" encoding="UTF-8"?>
<!-- Generated by org.testng.reporters.JUnitReportReporter -->
<testsuite hostname="DESKTOP-EKTU0VS" failures="0" tests="1" name="TestngPg1" time="27.857" errors="0" timestamp="2024-02-08T10:57:55 IST" skipped="0">
  <testcase classname="TestngPg1" name="addToCart" time="27.857"/>
</testsuite> <!-- TestngPg1 -->
