<?xml version="1.0" encoding="UTF-8"?>
<!-- Generated by org.testng.reporters.JUnitReportReporter -->
<testsuite hostname="DESKTOP-EKTU0VS" failures="0" tests="1" name="ShoePackage.FootLocker" time="10.433" errors="0" timestamp="2024-01-26T13:31:10 IST" skipped="0">
  <testcase classname="ShoePackage.FootLocker" name="footLocker" time="10.433">
    <system-out>
      <![CDATA[you are in FootLocker page]]>
    </system-out>
  </testcase> <!-- footLocker -->
  <system-out>
    <![CDATA[you are in bata page
you are in Zappos page
you are in FootLocker page]]>
  </system-out>
</testsuite> <!-- ShoePackage.FootLocker -->
