<?xml version="1.0" encoding="UTF-8"?>
<!-- Generated by org.testng.reporters.JUnitReportReporter -->
<testsuite hostname="DESKTOP-EKTU0VS" failures="0" tests="1" name="AssignmentPOM.ExecuteDWSHomePage" time="67.025" errors="0" timestamp="2024-02-01T14:00:20 IST" skipped="0">
  <testcase classname="AssignmentPOM.ExecuteDWSHomePage" name="receiver" time="67.025"/>
</testsuite> <!-- AssignmentPOM.ExecuteDWSHomePage -->
