<?xml version="1.0" encoding="UTF-8"?>
<!-- Generated by org.testng.reporters.JUnitReportReporter -->
<testsuite hostname="DESKTOP-EKTU0VS" failures="0" tests="2" name="TestNG.dynamicRowCellDataProvider" time="49.815" errors="0" timestamp="2024-01-30T18:58:46 IST" skipped="0">
  <testcase classname="TestNG.dynamicRowCellDataProvider" name="receiver" time="28.757"/>
  <testcase classname="TestNG.dynamicRowCellDataProvider" name="receiver" time="21.058"/>
</testsuite> <!-- TestNG.dynamicRowCellDataProvider -->
