<?xml version="1.0" encoding="UTF-8"?>
<!-- Generated by org.testng.reporters.JUnitReportReporter -->
<testsuite hostname="DESKTOP-EKTU0VS" failures="0" tests="1" name="Assertion.AssertionSoftAssert" time="20.025" errors="0" timestamp="2024-01-31T19:07:06 IST" skipped="0">
  <testcase classname="Assertion.AssertionSoftAssert" name="dws" time="20.025"/>
</testsuite> <!-- Assertion.AssertionSoftAssert -->
