<?xml version="1.0" encoding="UTF-8"?>
<!-- Generated by org.testng.reporters.JUnitReportReporter -->
<testsuite hostname="DESKTOP-EKTU0VS" failures="0" tests="1" name="Listenners.LoginDWSListners" time="28.897" errors="0" timestamp="2024-02-02T13:26:26 IST" skipped="0">
  <testcase classname="Listenners.LoginDWSListners" name="login" time="28.897"/>
</testsuite> <!-- Listenners.LoginDWSListners -->
