<?xml version="1.0" encoding="UTF-8"?>
<!-- Generated by org.testng.reporters.JUnitReportReporter -->
<testsuite hostname="DESKTOP-EKTU0VS" failures="0" tests="1" name="BikePackage.RoyalEnfield" time="27.205" errors="0" timestamp="2024-02-08T11:57:10 IST" skipped="0">
  <testcase classname="BikePackage.RoyalEnfield" name="royalEnfield" time="27.205">
    <system-out>
      <![CDATA[you are in royalenfield page]]>
    </system-out>
  </testcase> <!-- royalEnfield -->
  <system-out>
    <![CDATA[you are in royalenfield page
you are in honda 2wheelers india page]]>
  </system-out>
</testsuite> <!-- BikePackage.RoyalEnfield -->
