<?xml version="1.0" encoding="UTF-8"?>
<!-- Generated by org.testng.reporters.JUnitReportReporter -->
<testsuite hostname="DESKTOP-EKTU0VS" failures="0" tests="1" name="ShoePackage.Bata" time="249.282" errors="0" timestamp="2024-02-08T11:45:35 IST" skipped="0">
  <testcase classname="ShoePackage.Bata" name="bata" time="249.282">
    <system-out>
      <![CDATA[you are in bata page]]>
    </system-out>
  </testcase> <!-- bata -->
  <system-out>
    <![CDATA[you are in ktm page
you are in Zappos page
you are in bikewale page
you are in FootLocker page
you are in honda 2wheelers india page
you are in bata page]]>
  </system-out>
</testsuite> <!-- ShoePackage.Bata -->
