<?xml version="1.0" encoding="UTF-8"?>
<!-- Generated by org.testng.reporters.JUnitReportReporter -->
<testsuite hostname="DESKTOP-EKTU0VS" failures="0" tests="2" name="TestNG.ChronologicalOrder" time="0.042" errors="0" timestamp="2024-01-25T12:43:50 IST" skipped="0">
  <testcase classname="TestNG.ChronologicalOrder" name="test123" time="0.012"/>
  <testcase classname="TestNG.ChronologicalOrder" name="test" time="0.030"/>
</testsuite> <!-- TestNG.ChronologicalOrder -->
