<?xml version="1.0" encoding="UTF-8"?>
<!-- Generated by org.testng.reporters.JUnitReportReporter -->
<testsuite hostname="DESKTOP-EKTU0VS" failures="0" tests="1" name="PracticePg.ParametersExMOck" time="36.412" errors="0" timestamp="2024-02-08T12:20:24 IST" skipped="0">
  <testcase classname="PracticePg.ParametersExMOck" name="login" time="36.412"/>
</testsuite> <!-- PracticePg.ParametersExMOck -->
