<?xml version="1.0" encoding="UTF-8"?>
<!-- Generated by org.testng.reporters.JUnitReportReporter -->
<testsuite hostname="DESKTOP-EKTU0VS" failures="0" tests="1" name="BikePackage.RoyalEnfield" time="47.954" errors="0" timestamp="2024-01-26T11:47:17 IST" skipped="0">
  <testcase classname="BikePackage.RoyalEnfield" name="royalEnfield" time="47.954">
    <system-out>
      <![CDATA[you are in royalenfield page]]>
    </system-out>
  </testcase> <!-- royalEnfield -->
  <system-out>
    <![CDATA[you are in royalenfield page
you are in honda 2wheelers india page
you are in tvsmotor page
you are in ktm page
you are in bikewale page]]>
  </system-out>
</testsuite> <!-- BikePackage.RoyalEnfield -->
