<?xml version="1.0" encoding="UTF-8"?>
<!-- Generated by org.testng.reporters.JUnitReportReporter -->
<testsuite hostname="DESKTOP-EKTU0VS" failures="0" tests="5" name="TestNG.DependsOnMethod" time="42.708" errors="0" timestamp="2024-01-29T13:41:03 IST" skipped="0">
  <testcase classname="TestNG.DependsOnMethod" name="audi" time="16.742"/>
  <testcase classname="TestNG.DependsOnMethod" name="redbus" time="6.421"/>
  <testcase classname="TestNG.DependsOnMethod" name="royalEnfield" time="6.999"/>
  <testcase classname="TestNG.DependsOnMethod" name="bike" time="7.056"/>
  <testcase classname="TestNG.DependsOnMethod" name="ktm" time="5.490"/>
</testsuite> <!-- TestNG.DependsOnMethod -->
