<?xml version="1.0" encoding="UTF-8"?>
<!-- Generated by org.testng.reporters.JUnitReportReporter -->
<testsuite hostname="DESKTOP-EKTU0VS" failures="0" tests="1" name="TestCaseAssignment.Redbus" time="10.410" errors="0" timestamp="2024-01-29T13:51:46 IST" skipped="0">
  <testcase classname="TestCaseAssignment.Redbus" name="redbus" time="10.410"/>
</testsuite> <!-- TestCaseAssignment.Redbus -->
