<?xml version="1.0" encoding="UTF-8"?>
<!-- Generated by org.testng.reporters.JUnitReportReporter -->
<testsuite hostname="DESKTOP-EKTU0VS" failures="0" tests="3" name="TestNG.TestngPg1" time="14.980" errors="0" timestamp="2024-01-24T13:24:21 IST" skipped="0">
  <testcase classname="TestNG.TestngPg1" name="cat" time="0.036">
    <system-out>
      <![CDATA[mioo mioo]]>
    </system-out>
  </testcase> <!-- cat -->
  <testcase classname="TestNG.TestngPg1" name="nisha" time="0.006">
    <system-out>
      <![CDATA[iaam Nisha]]>
    </system-out>
  </testcase> <!-- nisha -->
  <testcase classname="TestNG.TestngPg1" name="dws" time="14.938">
    <system-out>
      <![CDATA[hello  iam dws]]>
    </system-out>
  </testcase> <!-- dws -->
  <system-out>
    <![CDATA[mioo mioo
hello  iam dws
iaam Nisha]]>
  </system-out>
</testsuite> <!-- TestNG.TestngPg1 -->
