<?xml version="1.0" encoding="UTF-8"?>
<!-- Generated by org.testng.reporters.JUnitReportReporter -->
<testsuite hostname="DESKTOP-EKTU0VS" failures="0" tests="3" name="TestNG.DataProviderWithExcelLoop" time="22.860" errors="0" timestamp="2024-02-03T11:19:24 IST" skipped="0">
  <testcase classname="TestNG.DataProviderWithExcelLoop" name="receiver" time="2.698"/>
  <testcase classname="TestNG.DataProviderWithExcelLoop" name="receiver" time="5.627"/>
  <testcase classname="TestNG.DataProviderWithExcelLoop" name="receiver" time="14.535"/>
</testsuite> <!-- TestNG.DataProviderWithExcelLoop -->
