<?xml version="1.0" encoding="UTF-8"?>
<!-- Generated by org.testng.reporters.JUnitReportReporter -->
<testsuite hostname="DESKTOP-EKTU0VS" failures="0" tests="1" name="MOCKSelenium.Mock" time="61.819" errors="0" timestamp="2024-02-14T10:50:50 IST" skipped="0">
  <testcase classname="MOCKSelenium.Mock" name="openbrowser" time="61.819"/>
</testsuite> <!-- MOCKSelenium.Mock -->
