<?xml version="1.0" encoding="UTF-8"?>
<!-- Generated by org.testng.reporters.JUnitReportReporter -->
<testsuite hostname="DESKTOP-EKTU0VS" failures="0" tests="3" name="PracticePg.DataProviderEx" time="29.736" errors="0" timestamp="2024-02-03T12:50:23 IST" skipped="0">
  <testcase classname="PracticePg.DataProviderEx" name="receiver" time="2.007"/>
  <testcase classname="PracticePg.DataProviderEx" name="receiver" time="2.817"/>
  <testcase classname="PracticePg.DataProviderEx" name="receiver" time="24.912"/>
</testsuite> <!-- PracticePg.DataProviderEx -->
