<?xml version="1.0" encoding="UTF-8"?>
<!-- Generated by org.testng.reporters.JUnitReportReporter -->
<testsuite hostname="DESKTOP-EKTU0VS" failures="0" tests="1" name="ShoePackage.Bata" time="34.370" errors="0" timestamp="2024-01-26T13:31:11 IST" skipped="0">
  <testcase classname="ShoePackage.Bata" name="bata" time="34.370">
    <system-out>
      <![CDATA[you are in bata page]]>
    </system-out>
  </testcase> <!-- bata -->
  <system-out>
    <![CDATA[you are in bata page
you are in Zappos page
you are in FootLocker page]]>
  </system-out>
</testsuite> <!-- ShoePackage.Bata -->
