<?xml version="1.0" encoding="UTF-8"?>
<!-- Generated by org.testng.reporters.JUnitReportReporter -->
<testsuite hostname="DESKTOP-EKTU0VS" failures="0" tests="1" name="PracticePg.Parameterized" time="7.476" errors="0" timestamp="2024-02-03T12:56:02 IST" skipped="0">
  <testcase classname="PracticePg.Parameterized" name="login" time="7.476"/>
</testsuite> <!-- PracticePg.Parameterized -->
