<?xml version="1.0" encoding="UTF-8"?>
<!-- Generated by org.testng.reporters.JUnitReportReporter -->
<testsuite hostname="DESKTOP-EKTU0VS" failures="0" tests="1" name="TestCaseAssignment.DWS" time="23.923" errors="0" timestamp="2024-01-29T13:51:46 IST" skipped="0">
  <testcase classname="TestCaseAssignment.DWS" name="dws" time="23.923"/>
</testsuite> <!-- TestCaseAssignment.DWS -->
