<?xml version="1.0" encoding="UTF-8"?>
<!-- Generated by org.testng.reporters.JUnitReportReporter -->
<testsuite hostname="DESKTOP-EKTU0VS" failures="0" tests="1" name="PracticePg.DataProviderMock" time="33.202" errors="0" timestamp="2024-02-08T18:36:05 IST" skipped="0">
  <testcase classname="PracticePg.DataProviderMock" name="receiver" time="33.202"/>
</testsuite> <!-- PracticePg.DataProviderMock -->
