<?xml version="1.0" encoding="UTF-8"?>
<!-- Generated by org.testng.reporters.JUnitReportReporter -->
<testsuite hostname="DESKTOP-EKTU0VS" failures="0" tests="1" name="PracticePg.TestRegister" time="26.574" errors="0" timestamp="2024-02-03T13:16:03 IST" skipped="0">
  <testcase classname="PracticePg.TestRegister" name="receiver" time="26.574"/>
</testsuite> <!-- PracticePg.TestRegister -->
