<?xml version="1.0" encoding="UTF-8"?>
<!-- Generated by org.testng.reporters.JUnitReportReporter -->
<testsuite hostname="DESKTOP-EKTU0VS" failures="0" tests="1" name="TestCaseAssignment.WoodLand" time="7.419" errors="0" timestamp="2024-01-29T13:52:56 IST" skipped="0">
  <testcase classname="TestCaseAssignment.WoodLand" name="woodLand" time="7.419"/>
</testsuite> <!-- TestCaseAssignment.WoodLand -->
