<?xml version="1.0" encoding="UTF-8"?>
<!-- Generated by org.testng.reporters.JUnitReportReporter -->
<testsuite hostname="DESKTOP-EKTU0VS" failures="0" tests="1" name="TestNG.AddToCartByChronologicalOrder" time="9.623" errors="0" timestamp="2024-01-26T12:35:14 IST" skipped="0">
  <testcase classname="TestNG.AddToCartByChronologicalOrder" name="addToCart" time="9.623"/>
  <system-out>
    <![CDATA[you are in FootLocker page
you are in nike page
you are in DSW page
you are in Zappos page
you are in bata page]]>
  </system-out>
</testsuite> <!-- TestNG.AddToCartByChronologicalOrder -->
