<?xml version="1.0" encoding="UTF-8"?>
<!-- Generated by org.testng.reporters.JUnitReportReporter -->
<testsuite hostname="DESKTOP-EKTU0VS" failures="0" tests="3" name="TestNG.DataProviderSenderAndReceiver" time="84.337" errors="0" timestamp="2024-01-29T12:31:17 IST" skipped="0">
  <testcase classname="TestNG.DataProviderSenderAndReceiver" name="receiver" time="35.494"/>
  <testcase classname="TestNG.DataProviderSenderAndReceiver" name="receiver" time="17.642"/>
  <testcase classname="TestNG.DataProviderSenderAndReceiver" name="receiver" time="31.201"/>
</testsuite> <!-- TestNG.DataProviderSenderAndReceiver -->
