<?xml version="1.0" encoding="UTF-8"?>
<!-- Generated by org.testng.reporters.JUnitReportReporter -->
<testsuite hostname="DESKTOP-EKTU0VS" failures="0" tests="1" name="TestNG.TestNgAndMain" time="13.911" errors="0" timestamp="2024-01-24T13:26:12 IST" skipped="0">
  <testcase classname="TestNG.TestNgAndMain" name="agoda" time="13.911"/>
</testsuite> <!-- TestNG.TestNgAndMain -->
