<?xml version="1.0" encoding="UTF-8"?>
<!-- Generated by org.testng.reporters.JUnitReportReporter -->
<testsuite hostname="DESKTOP-EKTU0VS" failures="0" tests="2" name="PracticePg.TestMethods" time="1.134" errors="1" timestamp="2024-02-08T18:45:05 IST" skipped="1">
  <testcase classname="PracticePg.TestMethods" name="m1" time="1.133">
    <error message="Method PracticePg.TestMethods.m1() didn&#039;t finish within the time-out 1000" type="org.testng.internal.thread.ThreadTimeoutException">
      <![CDATA[org.testng.internal.thread.ThreadTimeoutException: Method PracticePg.TestMethods.m1() didn't finish within the time-out 1000
at java.base@17.0.1/java.lang.Thread.sleep(Native Method)
at app//PracticePg.TestMethods.m1(TestMethods.java:23)
at java.base@17.0.1/jdk.internal.reflect.NativeMethodAccessorImpl.invoke0(Native Method)
at java.base@17.0.1/jdk.internal.reflect.NativeMethodAccessorImpl.invoke(NativeMethodAccessorImpl.java:77)
at java.base@17.0.1/jdk.internal.reflect.DelegatingMethodAccessorImpl.invoke(DelegatingMethodAccessorImpl.java:43)
at java.base@17.0.1/java.lang.reflect.Method.invoke(Method.java:568)
at app//org.testng.internal.invokers.MethodInvocationHelper.invokeMethod(MethodInvocationHelper.java:139)
at app//org.testng.internal.invokers.InvokeMethodRunnable.runOne(InvokeMethodRunnable.java:47)
at app//org.testng.internal.invokers.InvokeMethodRunnable.call(InvokeMethodRunnable.java:76)
at app//org.testng.internal.invokers.InvokeMethodRunnable.call(InvokeMethodRunnable.java:11)
at java.base@17.0.1/java.util.concurrent.FutureTask.run(FutureTask.java:264)
at java.base@17.0.1/java.util.concurrent.ThreadPoolExecutor.runWorker(ThreadPoolExecutor.java:1136)
at java.base@17.0.1/java.util.concurrent.ThreadPoolExecutor$Worker.run(ThreadPoolExecutor.java:635)
at java.base@17.0.1/java.lang.Thread.run(Thread.java:833)
]]>
    </error>
  </testcase> <!-- m1 -->
  <testcase classname="PracticePg.TestMethods" name="m2" time="0.001">
    <skipped/>
  </testcase> <!-- m2 -->
</testsuite> <!-- PracticePg.TestMethods -->
