<?xml version="1.0" encoding="UTF-8"?>
<!-- Generated by org.testng.reporters.JUnitReportReporter -->
<testsuite hostname="DESKTOP-EKTU0VS" failures="0" tests="1" name="PracticePg.Dataprovider" time="15.475" errors="0" timestamp="2024-02-07T12:55:33 IST" skipped="0">
  <testcase classname="PracticePg.Dataprovider" name="receiver" time="15.475"/>
</testsuite> <!-- PracticePg.Dataprovider -->
