<?xml version="1.0" encoding="UTF-8"?>
<!-- Generated by org.testng.reporters.JUnitReportReporter -->
<testsuite hostname="DESKTOP-EKTU0VS" failures="0" tests="1" name="PracticePg.DataDrivenMock" time="28.180" errors="0" timestamp="2024-02-08T12:38:48 IST" skipped="0">
  <testcase classname="PracticePg.DataDrivenMock" name="login" time="28.180"/>
</testsuite> <!-- PracticePg.DataDrivenMock -->
