<?xml version="1.0" encoding="UTF-8"?>
<!-- Generated by org.testng.reporters.JUnitReportReporter -->
<testsuite hostname="DESKTOP-EKTU0VS" failures="0" tests="1" name="AssignmentPOM.ExecuteLoginPOM" time="52.250" errors="0" timestamp="2024-02-01T20:31:49 IST" skipped="0">
  <testcase classname="AssignmentPOM.ExecuteLoginPOM" name="receive" time="52.250"/>
</testsuite> <!-- AssignmentPOM.ExecuteLoginPOM -->
