<?xml version="1.0" encoding="UTF-8"?>
<!-- Generated by org.testng.reporters.JUnitReportReporter -->
<testsuite hostname="DESKTOP-EKTU0VS" failures="0" tests="1" name="BikePackage.Honda" time="14.833" errors="0" timestamp="2024-02-08T12:00:35 IST" skipped="0">
  <testcase classname="BikePackage.Honda" name="honda" time="14.833">
    <system-out>
      <![CDATA[you are in honda 2wheelers india page]]>
    </system-out>
  </testcase> <!-- honda -->
  <system-out>
    <![CDATA[you are in honda 2wheelers india page]]>
  </system-out>
</testsuite> <!-- BikePackage.Honda -->
