<?xml version="1.0" encoding="UTF-8"?>
<!-- Generated by org.testng.reporters.JUnitReportReporter -->
<testsuite hostname="DESKTOP-EKTU0VS" failures="0" tests="1" name="Parameterized.DifferentBrowsers" time="9.511" errors="0" timestamp="2024-02-03T12:45:22 IST" skipped="0">
  <testcase classname="Parameterized.DifferentBrowsers" name="browsers" time="9.511">
    <system-out>
      <![CDATA[chromeDriver]]>
    </system-out>
  </testcase> <!-- browsers -->
  <system-out>
    <![CDATA[chromeDriver]]>
  </system-out>
</testsuite> <!-- Parameterized.DifferentBrowsers -->
